<?xml version="1.0" encoding="UTF-8"?>
<testsuite xmlns:xsi="http://www.w3.org/2001/XMLSchema-instance" xsi:noNamespaceSchemaLocation="https://maven.apache.org/surefire/maven-surefire-plugin/xsd/surefire-test-report.xsd" name="com.example.rabbitmq.RabbitMQConsumerTest" time="2.439" tests="9" errors="0" skipped="0" failures="0">
  <properties>
[...]
</properties>
  <testcase name="testContextDestroyed" classname="com.example.rabbitmq.RabbitMQConsumerTest" time="2.184"/>
  <testcase name="testConsumerCancellation" classname="com.example.rabbitmq.RabbitMQConsumerTest" time="0.065"/>
  <testcase name="testClientClose" classname="com.example.rabbitmq.RabbitMQConsumerTest" time="0.006"/>
  <testcase name="testMessageBroadcastHandlesException" classname="com.example.rabbitmq.RabbitMQConsumerTest" time="0.08"/>
  <testcase name="testMessageDeliveryCallback" classname="com.example.rabbitmq.RabbitMQConsumerTest" time="0.007"/>
  <testcase name="testContextInitialized_WithoutConnectionString" classname="com.example.rabbitmq.RabbitMQConsumerTest" time="0.02"/>
  <testcase name="testConsumerAutoAcknowledgement" classname="com.example.rabbitmq.RabbitMQConsumerTest" time="0.008"/>
  <testcase name="testMessageBroadcastToWebSocket" classname="com.example.rabbitmq.RabbitMQConsumerTest" time="0.007"/>
  <testcase name="testContextInitialized_WithConnectionString" classname="com.example.rabbitmq.RabbitMQConsumerTest" time="0.02"/>
</testsuite>