<?xml version="1.0" encoding="UTF-8"?>
<testsuite xmlns:xsi="http://www.w3.org/2001/XMLSchema-instance" xsi:noNamespaceSchemaLocation="https://maven.apache.org/surefire/maven-surefire-plugin/xsd/surefire-test-report.xsd" name="com.example.AppTest" time="2.306" tests="8" errors="0" skipped="0" failures="0">
  <properties>
[...]
</properties>
  <testcase name="testSendMessageWithSpecialCharacters" classname="com.example.AppTest" time="2.109"/>
  <testcase name="testSendMessageWithEmptyString" classname="com.example.AppTest" time="0.007"/>
  <testcase name="testSendMultipleMessages" classname="com.example.AppTest" time="0.008"/>
  <testcase name="testSendMessage" classname="com.example.AppTest" time="0.006"/>
  <testcase name="testCreateSenderClientWithDifferentQueueNames" classname="com.example.AppTest" time="0.056"/>
  <testcase name="testCreateSenderClient" classname="com.example.AppTest" time="0.011"/>
  <testcase name="testSendMessageWithLongMessage" classname="com.example.AppTest" time="0.005"/>
  <testcase name="testSendMessageWithUnicodeCharacters" classname="com.example.AppTest" time="0.002"/>
</testsuite>